<?xml version="1.0" encoding="UTF-8"?>
<!-- Generated by org.testng.reporters.JUnitReportReporter -->
<testsuite name="running_TestNG_Scripts.Sterams_UCC" tests="1" time="4.325" ignored="2" failures="0" timestamp="30 Dec 2019 17:19:58 GMT" skipped="0" hostname="Bala-Pavan" errors="0">
  <testcase name="GSearch" time="4.325" classname="running_TestNG_Scripts.Sterams_UCC"/>
  <testcase name="BeforeSuite" classname="config.Browser_Initiation">
    <skipped/>
  </testcase> <!-- BeforeSuite -->
  <testcase name="EndSute" classname="config.Browser_Initiation">
    <skipped/>
  </testcase> <!-- EndSute -->
</testsuite> <!-- running_TestNG_Scripts.Sterams_UCC -->
