<?xml version="1.0" encoding="UTF-8"?>
<!-- Generated by org.testng.reporters.JUnitReportReporter -->
<testsuite skipped="0" hostname="Bala-Pavan" name="travelCity.com.TestNG" tests="2" failures="0" timestamp="23 Jul 2019 18:23:17 GMT" time="0.018" errors="0">
  <testcase name="G1" time="0.015" classname="travelCity.com.TestNG"/>
  <testcase name="G11" time="0.003" classname="travelCity.com.TestNG"/>
</testsuite> <!-- travelCity.com.TestNG -->
